0 info it worked if it ends with ok
1 verbose cli [ '/usr/local/n/versions/node/7.4.0/bin/node',
1 verbose cli   '/usr/local/bin/npm',
1 verbose cli   'run',
1 verbose cli   'start-dev' ]
2 info using npm@4.0.5
3 info using node@v7.4.0
4 verbose stack Error: missing script: start-dev
4 verbose stack     at run (/usr/local/lib/node_modules/npm/lib/run-script.js:151:19)
4 verbose stack     at /usr/local/lib/node_modules/npm/lib/run-script.js:61:5
4 verbose stack     at /usr/local/lib/node_modules/npm/node_modules/read-package-json/read-json.js:356:5
4 verbose stack     at checkBinReferences_ (/usr/local/lib/node_modules/npm/node_modules/read-package-json/read-json.js:320:45)
4 verbose stack     at final (/usr/local/lib/node_modules/npm/node_modules/read-package-json/read-json.js:354:3)
4 verbose stack     at then (/usr/local/lib/node_modules/npm/node_modules/read-package-json/read-json.js:124:5)
4 verbose stack     at /usr/local/lib/node_modules/npm/node_modules/read-package-json/read-json.js:243:12
4 verbose stack     at /usr/local/lib/node_modules/npm/node_modules/graceful-fs/graceful-fs.js:78:16
4 verbose stack     at tryToString (fs.js:426:3)
4 verbose stack     at FSReqWrap.readFileAfterClose [as oncomplete] (fs.js:413:12)
5 verbose cwd /home/richard/Documents/fullstack_academy/senior/Grace_Shopper
6 error Linux 4.4.0-72-generic
7 error argv "/usr/local/n/versions/node/7.4.0/bin/node" "/usr/local/bin/npm" "run" "start-dev"
8 error node v7.4.0
9 error npm  v4.0.5
10 error missing script: start-dev
11 error If you need help, you may report this error at:
11 error     <https://github.com/npm/npm/issues>
12 verbose exit [ 1, true ]
